<?xml version="1.0" encoding="UTF-8"?>
<!-- Generated by org.testng.reporters.JUnitXMLReporter -->
<testsuite ignored="0" hostname="WKWIN9891521" failures="0" tests="3" name="Default test" time="6.865" errors="0" timestamp="2023-01-23T23:47:07 IST">
  <testcase classname="reqresApi2.Exercise1" name="getColorValue_TC03" time="5.922"/>
  <testcase classname="reqresApi2.Exercise1" name="getNumberOfId" time="0.51"/>
  <testcase classname="reqresApi2.Exercise1" name="getPantOneValue_TC03" time="0.342"/>
</testsuite> <!-- Default test -->
